<?xml version="1.0" encoding="UTF-8"?>
<!-- Generated by org.testng.reporters.JUnitXMLReporter -->
<testsuite ignored="0" hostname="Ajay" failures="0" tests="4" name="Default test" time="0.063" errors="0" timestamp="2025-12-18T18:59:11 IST">
  <testcase classname="test.DataProviders" name="loginFunctionality" time="0.01"/>
  <testcase classname="test.DataProviders" name="loginFunctionality" time="0.002"/>
  <testcase classname="test.DataProviders" name="loginFunctionality" time="0.001"/>
  <testcase classname="test.DataProviders" name="loginFunctionality" time="0.002"/>
</testsuite> <!-- Default test -->
