<?xml version="1.0" encoding="UTF-8"?>
<!-- Generated by org.testng.reporters.JUnitXMLReporter -->
<testsuite ignored="0" hostname="Ajay" failures="1" tests="2" name="FriendlyMatches" time="0.099" errors="0" timestamp="2025-12-18T19:48:56 IST">
  <testcase classname="FriendlyMatches.CorporateLeauges" name="hyderabadLeague" time="0.026">
    <failure type="java.lang.AssertionError" message="expected [true] but found [false]">
      <![CDATA[java.lang.AssertionError: expected [true] but found [false]
at FriendlyMatches.CorporateLeauges.hyderabadLeague(CorporateLeauges.java:24)
at java.base/java.util.ArrayList.forEach(ArrayList.java:1596)
at java.base/java.util.concurrent.FutureTask.run(FutureTask.java:317)
at java.base/java.util.concurrent.ThreadPoolExecutor.runWorker(ThreadPoolExecutor.java:1144)
at java.base/java.util.concurrent.ThreadPoolExecutor$Worker.run(ThreadPoolExecutor.java:642)
at java.base/java.lang.Thread.run(Thread.java:1583)
... Removed 19 stack frames]]>
    </failure>
  </testcase> <!-- hyderabadLeague -->
  <testcase classname="FriendlyMatches.CorporateLeauges" name="valuelabsLeauge" time="0.002"/>
</testsuite> <!-- FriendlyMatches -->
