<?xml version="1.0" encoding="UTF-8"?>
<!-- Generated by org.testng.reporters.JUnitXMLReporter -->
<testsuite ignored="1" hostname="Ajay" failures="0" tests="7" name="Test" time="0.125" errors="0" timestamp="2025-12-18T19:48:56 IST">
  <testcase classname="test.interNationalCricket" name="dayAndNightMatch" time="0.01"/>
  <testcase classname="test.interNationalCricket" name="testCricket" time="0.004"/>
  <testcase classname="test.interNationalCricket" name="warmUp" time="0.005"/>
  <testcase classname="test.interNationalCricket" name="t20Cricket" time="0.002"/>
  <testcase classname="test.DomesticMatches" name="duleeTrphy" time="0.001"/>
  <testcase classname="test.DomesticMatches" name="ranjiTrophy" time="0.002"/>
  <testcase classname="test.interNationalCricket" name="oneDayCricket" time="0.002"/>
  <testcase classname="test.interNationalCricket" name="drinks" time="0.0">
    <ignored/>
  </testcase> <!-- drinks -->
</testsuite> <!-- Test -->
