<?xml version="1.0" encoding="UTF-8"?>
<!-- Generated by org.testng.reporters.JUnitReportReporter -->
<testsuite hostname="Ajay" failures="0" tests="6" name="test.interNationalCricket" time="0.029" errors="0" timestamp="2025-12-18T19:48:56 IST" skipped="1">
  <testcase classname="test.interNationalCricket" name="warmUp" time="0.007"/>
  <testcase classname="test.interNationalCricket" name="t20Cricket" time="0.003"/>
  <testcase classname="test.interNationalCricket" name="oneDayCricket" time="0.002"/>
  <testcase classname="test.interNationalCricket" name="dayAndNightMatch" time="0.013"/>
  <testcase classname="test.interNationalCricket" name="testCricket" time="0.004"/>
  <testcase classname="test.interNationalCricket" name="drinks">
    <skipped/>
  </testcase> <!-- drinks -->
</testsuite> <!-- test.interNationalCricket -->
