<?xml version="1.0" encoding="UTF-8"?>
<!-- Generated by org.testng.reporters.JUnitReportReporter -->
<testsuite hostname="Ajay" failures="0" tests="4" name="test.DataProviders" time="0.015" errors="0" timestamp="2025-12-18T18:59:12 IST" skipped="0">
  <testcase classname="test.DataProviders" name="loginFunctionality" time="0.001"/>
  <testcase classname="test.DataProviders" name="loginFunctionality" time="0.010"/>
  <testcase classname="test.DataProviders" name="loginFunctionality" time="0.002"/>
  <testcase classname="test.DataProviders" name="loginFunctionality" time="0.002"/>
</testsuite> <!-- test.DataProviders -->
