<?xml version="1.0" encoding="UTF-8"?>
<!-- Generated by org.testng.reporters.JUnitReportReporter -->
<testsuite hostname="Ajay" failures="0" tests="4" name="test.TestNgBasics" time="0.019" errors="0" timestamp="2025-12-18T16:29:18 IST" skipped="0">
  <testcase classname="test.TestNgBasics" name="dayAndNightMatch" time="0.007"/>
  <testcase classname="test.TestNgBasics" name="oneDayCricket" time="0.003"/>
  <testcase classname="test.TestNgBasics" name="testCricket" time="0.002"/>
  <testcase classname="test.TestNgBasics" name="t20Cricket" time="0.007"/>
</testsuite> <!-- test.TestNgBasics -->
